<?xml version="1.0" encoding="UTF-8"?>
<testng-results ignored="0" total="1" passed="1" failed="0" skipped="0">
  <reporter-output>
  </reporter-output>
  <suite started-at="2024-02-27T15:40:43 IST" name="Default suite" finished-at="2024-02-27T15:42:22 IST" duration-ms="98893">
    <groups>
    </groups>
    <test started-at="2024-02-27T15:40:43 IST" name="Default test" finished-at="2024-02-27T15:42:22 IST" duration-ms="98893">
      <class name="RediffTestCases.RediffLoginTC">
        <test-method is-config="true" signature="invoke()[pri:0, instance:RediffTestCases.RediffLoginTC@6f96c77]" started-at="2024-02-27T15:40:43 IST" name="invoke" finished-at="2024-02-27T15:41:08 IST" duration-ms="24782" status="PASS">
          <reporter-output>
          </reporter-output>
        </test-method> <!-- invoke -->
        <test-method signature="rediffLogin()[pri:0, instance:RediffTestCases.RediffLoginTC@6f96c77]" started-at="2024-02-27T15:41:08 IST" name="rediffLogin" finished-at="2024-02-27T15:42:18 IST" duration-ms="70236" status="PASS">
          <reporter-output>
          </reporter-output>
        </test-method> <!-- rediffLogin -->
        <test-method is-config="true" signature="close()[pri:0, instance:RediffTestCases.RediffLoginTC@6f96c77]" started-at="2024-02-27T15:42:18 IST" name="close" finished-at="2024-02-27T15:42:22 IST" duration-ms="3622" status="PASS">
          <reporter-output>
          </reporter-output>
        </test-method> <!-- close -->
      </class> <!-- RediffTestCases.RediffLoginTC -->
    </test> <!-- Default test -->
  </suite> <!-- Default suite -->
</testng-results>
